{
  "RSpec": {
    "coverage": {
      "/Users/daniel/Makers/Makers-bnb/spec/database_connection_spec.rb": [
        1,
        1,
        null,
        1,
        1,
        1,
        1,
        1,
        null,
        null,
        1,
        null,
        1,
        1,
        null,
        1,
        1,
        1,
        1,
        1,
        null,
        null,
        null
      ],
      "/Users/daniel/Makers/Makers-bnb/spec/unit/spaces_spec.rb": [
        1,
        1,
        1,
        null,
        null
      ]
    },
    "timestamp": 1564406334
  }
}
